<?xml version="1.0" encoding="UTF-8"?>
<testsuite xmlns:xsi="http://www.w3.org/2001/XMLSchema-instance" xsi:noNamespaceSchemaLocation="https://maven.apache.org/surefire/maven-surefire-plugin/xsd/surefire-test-report-3.0.xsd" version="3.0" name="TestSuite" time="39.635" tests="8" errors="0" skipped="0" failures="1">
  <properties>
[...]
</properties>
  <testcase name="testLogin" classname="tests.LoginTest" time="2.297">
    <system-out><![CDATA[21:57:23.834 [main] DEBUG org.testng.TestNG -- suiteXmlPath: "C:\TestLeaf\orangehrm\orangehrm\testng.xml"
]]></system-out>
    <system-err><![CDATA[Aug 19, 2026 9:57:25 PM org.openqa.selenium.devtools.CdpVersionFinder findNearestMatch
WARNING: Unable to find CDP implementation matching 151
Aug 19, 2026 9:57:25 PM org.openqa.selenium.chromium.ChromiumDriver lambda$new$5
WARNING: Unable to find version of CDP to use for 151.0.7922.138. You may need to include a dependency on a specific version of the CDP using something similar to `org.seleniumhq.selenium:selenium-devtools-v86:4.27.0` where the version ("v86") matches the version of the chromium-based browser you're using and the version number of the artifact is the same as Selenium's.
]]></system-err>
  </testcase>
  <testcase name="createEmployee" classname="tests.LoginTest" time="2.073"/>
  <testcase name="addEmployee" classname="tests.LoginTest" time="7.361"/>
  <testcase name="verifyIfEmployeeDetailsPageDisplayed" classname="tests.LoginTest" time="0.068"/>
  <testcase name="editEmployeeDetails" classname="tests.LoginTest" time="13.632"/>
  <testcase name="apiValidation" classname="tests.LoginTest" time="5.776">
    <failure message="1 expectation failed.&#10;Expected status code &lt;201&gt; but was &lt;401&gt;.&#10;" type="java.lang.AssertionError"><![CDATA[java.lang.AssertionError: 
1 expectation failed.
Expected status code <201> but was <401>.

	at java.base/jdk.internal.reflect.DirectConstructorHandleAccessor.newInstance(DirectConstructorHandleAccessor.java:62)
	at java.base/java.lang.reflect.Constructor.newInstanceWithCaller(Constructor.java:502)
	at java.base/java.lang.reflect.Constructor.newInstance(Constructor.java:486)
	at org.codehaus.groovy.reflection.CachedConstructor.invoke(CachedConstructor.java:73)
	at org.codehaus.groovy.runtime.callsite.ConstructorSite$ConstructorSiteNoUnwrapNoCoerce.callConstructor(ConstructorSite.java:108)
	at org.codehaus.groovy.runtime.callsite.CallSiteArray.defaultCallConstructor(CallSiteArray.java:57)
	at org.codehaus.groovy.runtime.callsite.AbstractCallSite.callConstructor(AbstractCallSite.java:263)
	at org.codehaus.groovy.runtime.callsite.AbstractCallSite.callConstructor(AbstractCallSite.java:277)
	at io.restassured.internal.ResponseSpecificationImpl$HamcrestAssertionClosure.validate(ResponseSpecificationImpl.groovy:512)
	at io.restassured.internal.ResponseSpecificationImpl$HamcrestAssertionClosure$validate$1.call(Unknown Source)
	at org.codehaus.groovy.runtime.callsite.CallSiteArray.defaultCall(CallSiteArray.java:45)
	at org.codehaus.groovy.runtime.callsite.AbstractCallSite.call(AbstractCallSite.java:125)
	at org.codehaus.groovy.runtime.callsite.AbstractCallSite.call(AbstractCallSite.java:139)
	at io.restassured.internal.ResponseSpecificationImpl.validateResponseIfRequired(ResponseSpecificationImpl.groovy:696)
	at io.restassured.internal.ResponseSpecificationImpl.this$2$validateResponseIfRequired(ResponseSpecificationImpl.groovy)
	at java.base/jdk.internal.reflect.DirectMethodHandleAccessor.invoke(DirectMethodHandleAccessor.java:103)
	at java.base/java.lang.reflect.Method.invoke(Method.java:580)
	at org.codehaus.groovy.runtime.callsite.PlainObjectMetaMethodSite.doInvoke(PlainObjectMetaMethodSite.java:43)
	at org.codehaus.groovy.runtime.callsite.PogoMetaMethodSite$PogoCachedMethodSiteNoUnwrapNoCoerce.invoke(PogoMetaMethodSite.java:198)
	at org.codehaus.groovy.runtime.callsite.PogoMetaMethodSite.callCurrent(PogoMetaMethodSite.java:62)
	at org.codehaus.groovy.runtime.callsite.CallSiteArray.defaultCallCurrent(CallSiteArray.java:49)
	at org.codehaus.groovy.runtime.callsite.AbstractCallSite.callCurrent(AbstractCallSite.java:171)
	at org.codehaus.groovy.runtime.callsite.AbstractCallSite.callCurrent(AbstractCallSite.java:185)
	at io.restassured.internal.ResponseSpecificationImpl.statusCode(ResponseSpecificationImpl.groovy:135)
	at io.restassured.specification.ResponseSpecification$statusCode$0.callCurrent(Unknown Source)
	at org.codehaus.groovy.runtime.callsite.CallSiteArray.defaultCallCurrent(CallSiteArray.java:49)
	at org.codehaus.groovy.runtime.callsite.AbstractCallSite.callCurrent(AbstractCallSite.java:171)
	at org.codehaus.groovy.runtime.callsite.AbstractCallSite.callCurrent(AbstractCallSite.java:185)
	at io.restassured.internal.ResponseSpecificationImpl.statusCode(ResponseSpecificationImpl.groovy:143)
	at io.restassured.internal.ValidatableResponseOptionsImpl.statusCode(ValidatableResponseOptionsImpl.java:89)
	at pages.APIValidation.verifyEmployeeRecordOnBackend(APIValidation.java:41)
	at tests.LoginTest.apiValidation(LoginTest.java:78)
	at java.base/jdk.internal.reflect.DirectMethodHandleAccessor.invoke(DirectMethodHandleAccessor.java:103)
	at java.base/java.lang.reflect.Method.invoke(Method.java:580)
	at org.testng.internal.invokers.MethodInvocationHelper.invokeMethod(MethodInvocationHelper.java:141)
	at org.testng.internal.invokers.TestInvoker.invokeMethod(TestInvoker.java:686)
	at org.testng.internal.invokers.TestInvoker.invokeTestMethod(TestInvoker.java:230)
	at org.testng.internal.invokers.MethodRunner.runInSequence(MethodRunner.java:63)
	at org.testng.internal.invokers.TestInvoker$MethodInvocationAgent.invoke(TestInvoker.java:992)
	at org.testng.internal.invokers.TestInvoker.invokeTestMethods(TestInvoker.java:203)
	at org.testng.internal.invokers.TestMethodWorker.invokeTestMethods(TestMethodWorker.java:154)
	at org.testng.internal.invokers.TestMethodWorker.run(TestMethodWorker.java:134)
	at java.base/java.util.ArrayList.forEach(ArrayList.java:1596)
	at org.testng.TestRunner.privateRun(TestRunner.java:739)
	at org.testng.TestRunner.run(TestRunner.java:614)
	at org.testng.SuiteRunner.runTest(SuiteRunner.java:421)
	at org.testng.SuiteRunner.runSequentially(SuiteRunner.java:413)
	at org.testng.SuiteRunner.privateRun(SuiteRunner.java:373)
	at org.testng.SuiteRunner.run(SuiteRunner.java:312)
	at org.testng.SuiteRunnerWorker.runSuite(SuiteRunnerWorker.java:52)
	at org.testng.SuiteRunnerWorker.run(SuiteRunnerWorker.java:95)
	at org.testng.TestNG.runSuitesSequentially(TestNG.java:1274)
	at org.testng.TestNG.runSuitesLocally(TestNG.java:1208)
	at org.testng.TestNG.runSuites(TestNG.java:1112)
	at org.testng.TestNG.run(TestNG.java:1079)
	at org.apache.maven.surefire.testng.TestNGExecutor.run(TestNGExecutor.java:308)
	at org.apache.maven.surefire.testng.TestNGXmlTestSuite.execute(TestNGXmlTestSuite.java:71)
	at org.apache.maven.surefire.testng.TestNGProvider.invoke(TestNGProvider.java:113)
	at org.apache.maven.surefire.booter.ForkedBooter.runSuitesInProcess(ForkedBooter.java:385)
	at org.apache.maven.surefire.booter.ForkedBooter.execute(ForkedBooter.java:162)
	at org.apache.maven.surefire.booter.ForkedBooter.run(ForkedBooter.java:507)
	at org.apache.maven.surefire.booter.ForkedBooter.main(ForkedBooter.java:495)
]]></failure>
    <system-out><![CDATA[21:57:58.491 [main] DEBUG org.apache.http.impl.conn.BasicClientConnectionManager -- Get connection for route {s}->https://reqres.in:443
21:57:58.571 [main] DEBUG org.apache.http.impl.conn.DefaultClientConnectionOperator -- Connecting to reqres.in:443
21:57:59.139 [main] DEBUG org.apache.http.client.protocol.RequestAddCookies -- CookieSpec selected: ignoreCookies
21:57:59.143 [main] DEBUG org.apache.http.client.protocol.RequestAuthCache -- Auth cache not set in the context
21:57:59.143 [main] DEBUG org.apache.http.client.protocol.RequestTargetAuthentication -- Target auth state: UNCHALLENGED
21:57:59.145 [main] DEBUG org.apache.http.client.protocol.RequestProxyAuthentication -- Proxy auth state: UNCHALLENGED
21:57:59.145 [main] DEBUG org.apache.http.impl.client.DefaultHttpClient -- Attempt 1 to execute request
21:57:59.145 [main] DEBUG org.apache.http.impl.conn.DefaultClientConnection -- Sending request: POST /api/users HTTP/1.1
21:57:59.145 [main] DEBUG org.apache.http.wire --  >> "POST /api/users HTTP/1.1[\r][\n]"
21:57:59.149 [main] DEBUG org.apache.http.wire --  >> "Accept: application/json[\r][\n]"
21:57:59.149 [main] DEBUG org.apache.http.wire --  >> "Content-Type: application/json[\r][\n]"
21:57:59.149 [main] DEBUG org.apache.http.wire --  >> "Content-Length: 67[\r][\n]"
21:57:59.149 [main] DEBUG org.apache.http.wire --  >> "Host: reqres.in[\r][\n]"
21:57:59.149 [main] DEBUG org.apache.http.wire --  >> "Connection: Keep-Alive[\r][\n]"
21:57:59.149 [main] DEBUG org.apache.http.wire --  >> "User-Agent: Apache-HttpClient/4.5.13 (Java/21.0.10)[\r][\n]"
21:57:59.149 [main] DEBUG org.apache.http.wire --  >> "Accept-Encoding: gzip,deflate[\r][\n]"
21:57:59.149 [main] DEBUG org.apache.http.wire --  >> "[\r][\n]"
21:57:59.149 [main] DEBUG org.apache.http.headers -- >> POST /api/users HTTP/1.1
21:57:59.149 [main] DEBUG org.apache.http.headers -- >> Accept: application/json
21:57:59.149 [main] DEBUG org.apache.http.headers -- >> Content-Type: application/json
21:57:59.149 [main] DEBUG org.apache.http.headers -- >> Content-Length: 67
21:57:59.149 [main] DEBUG org.apache.http.headers -- >> Host: reqres.in
21:57:59.149 [main] DEBUG org.apache.http.headers -- >> Connection: Keep-Alive
21:57:59.149 [main] DEBUG org.apache.http.headers -- >> User-Agent: Apache-HttpClient/4.5.13 (Java/21.0.10)
21:57:59.149 [main] DEBUG org.apache.http.headers -- >> Accept-Encoding: gzip,deflate
21:57:59.149 [main] DEBUG org.apache.http.wire --  >> "{"name":"John Doe","employeeId":"114518","job":"Software Engineer"}"
21:57:59.443 [main] DEBUG org.apache.http.wire --  << "HTTP/1.1 401 Unauthorized[\r][\n]"
21:57:59.451 [main] DEBUG org.apache.http.wire --  << "Date: Wed, 19 Aug 2026 16:27:59 GMT[\r][\n]"
21:57:59.452 [main] DEBUG org.apache.http.wire --  << "Content-Type: application/json; charset=utf-8[\r][\n]"
21:57:59.452 [main] DEBUG org.apache.http.wire --  << "Content-Length: 854[\r][\n]"
21:57:59.452 [main] DEBUG org.apache.http.wire --  << "Connection: keep-alive[\r][\n]"
21:57:59.452 [main] DEBUG org.apache.http.wire --  << "Access-Control-Allow-Origin: *[\r][\n]"
21:57:59.452 [main] DEBUG org.apache.http.wire --  << "Cache-Control: no-store[\r][\n]"
21:57:59.453 [main] DEBUG org.apache.http.wire --  << "Cross-Origin-Opener-Policy: same-origin[\r][\n]"
21:57:59.453 [main] DEBUG org.apache.http.wire --  << "Cross-Origin-Resource-Policy: same-origin[\r][\n]"
21:57:59.453 [main] DEBUG org.apache.http.wire --  << "Etag: W/"356-3SOBwu5DiW3V62Koj5F7cYGfANE"[\r][\n]"
21:57:59.453 [main] DEBUG org.apache.http.wire --  << "Nel: {"report_to":"heroku-nel","response_headers":["Via"],"max_age":3600,"success_fraction":0.01,"failure_fraction":0.1}[\r][\n]"
21:57:59.453 [main] DEBUG org.apache.http.wire --  << "Origin-Agent-Cluster: ?1[\r][\n]"
21:57:59.453 [main] DEBUG org.apache.http.wire --  << "Referrer-Policy: strict-origin-when-cross-origin[\r][\n]"
21:57:59.453 [main] DEBUG org.apache.http.wire --  << "Report-To: {"group":"heroku-nel","endpoints":[{"url":"https://nel.heroku.com/reports?s=nSiRTaL98odAQj9IOZTg0rzxnxRD4TMaqasZkRvqH6s%3D\u0026sid=c4c9725f-1ab0-44d8-820f-430df2718e11\u0026ts=1787156879"}],"max_age":3600}[\r][\n]"
21:57:59.453 [main] DEBUG org.apache.http.wire --  << "Reporting-Endpoints: heroku-nel="https://nel.heroku.com/reports?s=nSiRTaL98odAQj9IOZTg0rzxnxRD4TMaqasZkRvqH6s%3D&sid=c4c9725f-1ab0-44d8-820f-430df2718e11&ts=1787156879"[\r][\n]"
21:57:59.453 [main] DEBUG org.apache.http.wire --  << "Server: cloudflare[\r][\n]"
21:57:59.453 [main] DEBUG org.apache.http.wire --  << "Strict-Transport-Security: max-age=31536000; includeSubDomains[\r][\n]"
21:57:59.453 [main] DEBUG org.apache.http.wire --  << "Via: 1.1 heroku-router[\r][\n]"
21:57:59.453 [main] DEBUG org.apache.http.wire --  << "X-Content-Type-Options: nosniff[\r][\n]"
21:57:59.453 [main] DEBUG org.apache.http.wire --  << "X-Dns-Prefetch-Control: off[\r][\n]"
21:57:59.457 [main] DEBUG org.apache.http.wire --  << "X-Download-Options: noopen[\r][\n]"
21:57:59.458 [main] DEBUG org.apache.http.wire --  << "X-Frame-Options: DENY[\r][\n]"
21:57:59.458 [main] DEBUG org.apache.http.wire --  << "X-Permitted-Cross-Domain-Policies: none[\r][\n]"
21:57:59.458 [main] DEBUG org.apache.http.wire --  << "X-Powered-By: ReqRes.in - Deploy backends in 30 seconds[\r][\n]"
21:57:59.458 [main] DEBUG org.apache.http.wire --  << "X-Reqres-Docs: https://reqres.in[\r][\n]"
21:57:59.458 [main] DEBUG org.apache.http.wire --  << "X-Reqres-Help: missing_api_key[\r][\n]"
21:57:59.458 [main] DEBUG org.apache.http.wire --  << "X-Reqres-Message: This API is powered by ReqRes. Deploy your own backend in 30 seconds![\r][\n]"
21:57:59.458 [main] DEBUG org.apache.http.wire --  << "X-Reqres-Templates: https://app.reqres.in/templates[\r][\n]"
21:57:59.458 [main] DEBUG org.apache.http.wire --  << "X-Reqres-Tip: Add real user auth to your app with magic codes - reqres.in/docs[\r][\n]"
21:57:59.458 [main] DEBUG org.apache.http.wire --  << "X-Reqres-Upgrade: https://app.reqres.in/upgrade[\r][\n]"
21:57:59.458 [main] DEBUG org.apache.http.wire --  << "X-Request-Id: d0e1ca62-6153-32d4-a2a4-cc5309b1da53[\r][\n]"
21:57:59.458 [main] DEBUG org.apache.http.wire --  << "X-Robots-Tag: noindex, nofollow[\r][\n]"
21:57:59.458 [main] DEBUG org.apache.http.wire --  << "X-Xss-Protection: 0[\r][\n]"
21:57:59.458 [main] DEBUG org.apache.http.wire --  << "cf-cache-status: DYNAMIC[\r][\n]"
21:57:59.458 [main] DEBUG org.apache.http.wire --  << "CF-RAY: a2da875eeedfdfad-BOM[\r][\n]"
21:57:59.458 [main] DEBUG org.apache.http.wire --  << "[\r][\n]"
21:57:59.458 [main] DEBUG org.apache.http.impl.conn.DefaultClientConnection -- Receiving response: HTTP/1.1 401 Unauthorized
21:57:59.458 [main] DEBUG org.apache.http.headers -- << HTTP/1.1 401 Unauthorized
21:57:59.458 [main] DEBUG org.apache.http.headers -- << Date: Wed, 19 Aug 2026 16:27:59 GMT
21:57:59.458 [main] DEBUG org.apache.http.headers -- << Content-Type: application/json; charset=utf-8
21:57:59.458 [main] DEBUG org.apache.http.headers -- << Content-Length: 854
21:57:59.458 [main] DEBUG org.apache.http.headers -- << Connection: keep-alive
21:57:59.458 [main] DEBUG org.apache.http.headers -- << Access-Control-Allow-Origin: *
21:57:59.458 [main] DEBUG org.apache.http.headers -- << Cache-Control: no-store
21:57:59.458 [main] DEBUG org.apache.http.headers -- << Cross-Origin-Opener-Policy: same-origin
21:57:59.458 [main] DEBUG org.apache.http.headers -- << Cross-Origin-Resource-Policy: same-origin
21:57:59.458 [main] DEBUG org.apache.http.headers -- << Etag: W/"356-3SOBwu5DiW3V62Koj5F7cYGfANE"
21:57:59.458 [main] DEBUG org.apache.http.headers -- << Nel: {"report_to":"heroku-nel","response_headers":["Via"],"max_age":3600,"success_fraction":0.01,"failure_fraction":0.1}
21:57:59.458 [main] DEBUG org.apache.http.headers -- << Origin-Agent-Cluster: ?1
21:57:59.458 [main] DEBUG org.apache.http.headers -- << Referrer-Policy: strict-origin-when-cross-origin
21:57:59.458 [main] DEBUG org.apache.http.headers -- << Report-To: {"group":"heroku-nel","endpoints":[{"url":"https://nel.heroku.com/reports?s=nSiRTaL98odAQj9IOZTg0rzxnxRD4TMaqasZkRvqH6s%3D\u0026sid=c4c9725f-1ab0-44d8-820f-430df2718e11\u0026ts=1787156879"}],"max_age":3600}
21:57:59.458 [main] DEBUG org.apache.http.headers -- << Reporting-Endpoints: heroku-nel="https://nel.heroku.com/reports?s=nSiRTaL98odAQj9IOZTg0rzxnxRD4TMaqasZkRvqH6s%3D&sid=c4c9725f-1ab0-44d8-820f-430df2718e11&ts=1787156879"
21:57:59.458 [main] DEBUG org.apache.http.headers -- << Server: cloudflare
21:57:59.458 [main] DEBUG org.apache.http.headers -- << Strict-Transport-Security: max-age=31536000; includeSubDomains
21:57:59.458 [main] DEBUG org.apache.http.headers -- << Via: 1.1 heroku-router
21:57:59.458 [main] DEBUG org.apache.http.headers -- << X-Content-Type-Options: nosniff
21:57:59.461 [main] DEBUG org.apache.http.headers -- << X-Dns-Prefetch-Control: off
21:57:59.461 [main] DEBUG org.apache.http.headers -- << X-Download-Options: noopen
21:57:59.461 [main] DEBUG org.apache.http.headers -- << X-Frame-Options: DENY
21:57:59.461 [main] DEBUG org.apache.http.headers -- << X-Permitted-Cross-Domain-Policies: none
21:57:59.461 [main] DEBUG org.apache.http.headers -- << X-Powered-By: ReqRes.in - Deploy backends in 30 seconds
21:57:59.461 [main] DEBUG org.apache.http.headers -- << X-Reqres-Docs: https://reqres.in
21:57:59.461 [main] DEBUG org.apache.http.headers -- << X-Reqres-Help: missing_api_key
21:57:59.461 [main] DEBUG org.apache.http.headers -- << X-Reqres-Message: This API is powered by ReqRes. Deploy your own backend in 30 seconds!
21:57:59.461 [main] DEBUG org.apache.http.headers -- << X-Reqres-Templates: https://app.reqres.in/templates
21:57:59.461 [main] DEBUG org.apache.http.headers -- << X-Reqres-Tip: Add real user auth to your app with magic codes - reqres.in/docs
21:57:59.461 [main] DEBUG org.apache.http.headers -- << X-Reqres-Upgrade: https://app.reqres.in/upgrade
21:57:59.461 [main] DEBUG org.apache.http.headers -- << X-Request-Id: d0e1ca62-6153-32d4-a2a4-cc5309b1da53
21:57:59.461 [main] DEBUG org.apache.http.headers -- << X-Robots-Tag: noindex, nofollow
21:57:59.461 [main] DEBUG org.apache.http.headers -- << X-Xss-Protection: 0
21:57:59.461 [main] DEBUG org.apache.http.headers -- << cf-cache-status: DYNAMIC
21:57:59.461 [main] DEBUG org.apache.http.headers -- << CF-RAY: a2da875eeedfdfad-BOM
21:57:59.465 [main] DEBUG org.apache.http.impl.client.DefaultHttpClient -- Connection can be kept alive indefinitely
21:57:59.465 [main] DEBUG org.apache.http.impl.client.DefaultHttpClient -- Authentication required
21:57:59.465 [main] DEBUG org.apache.http.impl.client.DefaultHttpClient -- reqres.in:443 requested authentication
21:57:59.465 [main] DEBUG org.apache.http.impl.client.DefaultHttpClient -- Response contains no authentication challenges
21:57:59.477 [main] DEBUG io.restassured.internal.RestAssuredHttpBuilder -- Parsing response as: application/json; charset=utf-8
21:57:59.479 [main] DEBUG io.restassured.internal.RestAssuredHttpBuilder -- Parsed data to instance of: class org.apache.http.conn.EofSensorInputStream
]]></system-out>
  </testcase>
  <testcase name="deleteEmployee" classname="tests.LoginTest" time="1.21">
    <system-out><![CDATA[Deleted successfully
]]></system-out>
  </testcase>
  <testcase name="logout" classname="tests.LoginTest" time="0.961"/>
</testsuite>